生成启动时间为 2017/3/16 14:08:39。
     1>项目“C:\Users\bfzhou_mac\Desktop\BAIDUCLOUNDRIVEMBP\3DPLATFORM\3DVIEWER - PORTING TO V10\3DVIEWER\3DVIEWER\3dviewer.vcxproj”在节点 2 上(build 个目标)。
     1>PrepareForBuild:
         正在创建目录“C:\Users\bfzhou_mac\Desktop\BaiDuClounDriveMBP\3DPlatform\3dViewer - porting to v10\3DVIEWER\Debug\”。
       InitializeBuildStatus:
         正在创建“Debug\3dviewer.unsuccessfulbuild”，因为已指定“AlwaysCreate”。
       ClCompile:
         所有输出均为最新。
         所有输出均为最新。
       ResourceCompile:
         所有输出均为最新。
       ManifestResourceCompile:
         所有输出均为最新。
       Link:
         c:\Program Files (x86)\Microsoft Visual Studio 10.0\VC\bin\link.exe /ERRORREPORT:PROMPT /OUT:"C:\Users\bfzhou_mac\Desktop\BaiDuClounDriveMBP\3DPlatform\3dViewer - porting to v10\3DVIEWER\Debug\3dviewer.exe" /INCREMENTAL /NOLOGO opengl32.lib glu32.lib glut32.lib /MANIFEST /ManifestFile:"Debug\3dviewer.exe.intermediate.manifest" /MANIFESTUAC:"level='asInvoker' uiAccess='false'" /DEBUG /PDB:"C:\Users\bfzhou_mac\Desktop\BaiDuClounDriveMBP\3DPlatform\3dViewer - porting to v10\3DVIEWER\Debug\3dviewer.pdb" /SUBSYSTEM:WINDOWS /TLBID:1 /DYNAMICBASE /NXCOMPAT /IMPLIB:"C:\Users\bfzhou_mac\Desktop\BaiDuClounDriveMBP\3DPlatform\3dViewer - porting to v10\3DVIEWER\Debug\3dviewer.lib" /MACHINE:X86 Debug\3dviewer.res
         Debug\3dviewer.exe.embed.manifest.res
         Debug\2dmesh.obj
         Debug\3dviewer.obj
         Debug\3dviewerDoc.obj
         Debug\3dviewerView.obj
         Debug\CBmpDblBuffering.obj
         Debug\CBmpViewerData.obj
         Debug\CCursorBase.obj
         Debug\CCursorPan.obj
         Debug\CCursorZoomIn.obj
         Debug\CCursorZoomOut.obj
         Debug\CCursotZoomIn.obj
         Debug\CCursotZoomOut.obj
         Debug\cdib.obj
         Debug\CDIBFlood.obj
         Debug\cdiborg.obj
         Debug\CDlg2DMeshInfoDisp.obj
         Debug\CDlgTab00.obj
         Debug\cDlgTab01.obj
         Debug\CDlgTab02.obj
         Debug\CDlgTab03.obj
         Debug\CDlgTab04.obj
         Debug\CDlgTab05.obj
         Debug\CDlgTab06.obj
         Debug\CDlgTab07.obj
         Debug\cDlgTestPanel.obj
         Debug\CFFT.obj
         Debug\cfwt.obj
         Debug\CFWT_FFT_Util.obj
         Debug\CGlobals.obj
         Debug\chtarray2dib.obj
         Debug\CLabelPts.obj
         Debug\ClassView.obj
         Debug\cmesh.obj
         Debug\CMyCGLib.obj
         Debug\CoolDialogBar.obj
         Debug\Copengl.obj
         Debug\COpenGL3D.obj
         Debug\COpenGL3DEx.obj
         Debug\cRawImage16.obj
         Debug\CTestPanelTabs.obj
         Debug\CTool3D.obj
         Debug\CToolBase.obj
         Debug\ctoolpan.obj
         Debug\CToolZoomIn.obj
         Debug\CToolZoomOut.obj
         Debug\CTrackBall.obj
         Debug\CTransformedImage.obj
         Debug\CTriangle.obj
         Debug\CVertex.obj
         Debug\CWaveletFilterBase.obj
         Debug\DigitalGeometry.obj
         Debug\DlgLightDispMode.obj
         Debug\DlgSubdivideSetting.obj
         Debug\FileView.obj
         Debug\GraphicDialog.obj
         Debug\GraphicsAlgorithms.obj
         Debug\HistoryEdit.obj
         Debug\IniFile.obj
         Debug\MainFrm.obj
         Debug\Matrix.obj
         Debug\Mesh3D.obj
         Debug\MeshForGeoImg.obj
         Debug\MeshGlobal.obj
         Debug\OutputSubMesh.obj
         Debug\OutputWnd.obj
         Debug\ply.obj
         Debug\PolyTri.obj
         Debug\predicates.obj
         Debug\ProgressBar.obj
         Debug\PropertiesWnd.obj
         Debug\random.obj
         Debug\readply.obj
         Debug\ScrollDlg.obj
         Debug\stdafx.obj
         Debug\TetGen.obj
         Debug\Triangles.obj
         Debug\TriMesh_connectivity.obj
         Debug\TriMesh_io.obj
         Debug\TriMesh_normals.obj
         Debug\TriMesh_stats.obj
         Debug\TriMesh_tstrips.obj
         Debug\ViewTree.obj
       Manifest:
         C:\Program Files (x86)\Microsoft SDKs\Windows\v7.0A\bin\mt.exe /nologo /verbose /out:"Debug\3dviewer.exe.embed.manifest" /manifest Debug\3dviewer.exe.intermediate.manifest "c:\Program Files (x86)\Microsoft Visual Studio 10.0\VC\Include\Manifest\dpiaware.manifest"
         所有输出均为最新。
       LinkEmbedManifest:
         所有输出均为最新。
         3dviewer.vcxproj -> C:\Users\bfzhou_mac\Desktop\BaiDuClounDriveMBP\3DPlatform\3dViewer - porting to v10\3DVIEWER\Debug\3dviewer.exe
       FinalizeBuildStatus:
         正在删除文件“Debug\3dviewer.unsuccessfulbuild”。
         正在对“Debug\3dviewer.lastbuildstate”执行 Touch 任务。
     1>已完成生成项目“C:\Users\bfzhou_mac\Desktop\BAIDUCLOUNDRIVEMBP\3DPLATFORM\3DVIEWER - PORTING TO V10\3DVIEWER\3DVIEWER\3dviewer.vcxproj”(build 个目标)的操作。

生成成功。

已用时间 00:00:01.63
