生成启动时间为 2017/8/3 23:00:47。
     1>项目“E:\3DVIEWER\3DVIEWER\3dviewer.vcxproj”在节点 2 上(build 个目标)。
     1>InitializeBuildStatus:
         正在创建“Release\3dviewer.unsuccessfulbuild”，因为已指定“AlwaysCreate”。
       ClCompile:
         所有输出均为最新。
         所有输出均为最新。
       ResourceCompile:
         所有输出均为最新。
       Link:
         所有输出均为最新。
         3dviewer.vcxproj -> E:\3DVIEWER\Release\3dviewer.exe
       Manifest:
         所有输出均为最新。
       FinalizeBuildStatus:
         正在删除文件“Release\3dviewer.unsuccessfulbuild”。
         正在对“Release\3dviewer.lastbuildstate”执行 Touch 任务。
     1>已完成生成项目“E:\3DVIEWER\3DVIEWER\3dviewer.vcxproj”(build 个目标)的操作。

生成成功。

已用时间 00:00:00.35
