C:\USERS\BFZHOU_MAC\DESKTOP\BAIDUCLOUNDRIVEMBP\3DPLATFORM\3DVIEWER - PORTING TO V10\3DVIEWER\3DVIEWER\RELEASE\2DMESH.OBJ
C:\USERS\BFZHOU_MAC\DESKTOP\BAIDUCLOUNDRIVEMBP\3DPLATFORM\3DVIEWER - PORTING TO V10\3DVIEWER\3DVIEWER\RELEASE\3DVIEWER.EXE.INTERMEDIATE.MANIFEST
C:\USERS\BFZHOU_MAC\DESKTOP\BAIDUCLOUNDRIVEMBP\3DPLATFORM\3DVIEWER - PORTING TO V10\3DVIEWER\3DVIEWER\RELEASE\3DVIEWER.OBJ
C:\USERS\BFZHOU_MAC\DESKTOP\BAIDUCLOUNDRIVEMBP\3DPLATFORM\3DVIEWER - PORTING TO V10\3DVIEWER\3DVIEWER\RELEASE\3DVIEWER.PCH
C:\USERS\BFZHOU_MAC\DESKTOP\BAIDUCLOUNDRIVEMBP\3DPLATFORM\3DVIEWER - PORTING TO V10\3DVIEWER\3DVIEWER\RELEASE\3DVIEWER.RES
C:\USERS\BFZHOU_MAC\DESKTOP\BAIDUCLOUNDRIVEMBP\3DPLATFORM\3DVIEWER - PORTING TO V10\3DVIEWER\3DVIEWER\RELEASE\3DVIEWERDOC.OBJ
C:\USERS\BFZHOU_MAC\DESKTOP\BAIDUCLOUNDRIVEMBP\3DPLATFORM\3DVIEWER - PORTING TO V10\3DVIEWER\3DVIEWER\RELEASE\3DVIEWERVIEW.OBJ
C:\USERS\BFZHOU_MAC\DESKTOP\BAIDUCLOUNDRIVEMBP\3DPLATFORM\3DVIEWER - PORTING TO V10\3DVIEWER\3DVIEWER\RELEASE\CBMPDBLBUFFERING.OBJ
C:\USERS\BFZHOU_MAC\DESKTOP\BAIDUCLOUNDRIVEMBP\3DPLATFORM\3DVIEWER - PORTING TO V10\3DVIEWER\3DVIEWER\RELEASE\CBMPVIEWERDATA.OBJ
C:\USERS\BFZHOU_MAC\DESKTOP\BAIDUCLOUNDRIVEMBP\3DPLATFORM\3DVIEWER - PORTING TO V10\3DVIEWER\3DVIEWER\RELEASE\CCURSORBASE.OBJ
C:\USERS\BFZHOU_MAC\DESKTOP\BAIDUCLOUNDRIVEMBP\3DPLATFORM\3DVIEWER - PORTING TO V10\3DVIEWER\3DVIEWER\RELEASE\CCURSORPAN.OBJ
C:\USERS\BFZHOU_MAC\DESKTOP\BAIDUCLOUNDRIVEMBP\3DPLATFORM\3DVIEWER - PORTING TO V10\3DVIEWER\3DVIEWER\RELEASE\CCURSORZOOMIN.OBJ
C:\USERS\BFZHOU_MAC\DESKTOP\BAIDUCLOUNDRIVEMBP\3DPLATFORM\3DVIEWER - PORTING TO V10\3DVIEWER\3DVIEWER\RELEASE\CCURSORZOOMOUT.OBJ
C:\USERS\BFZHOU_MAC\DESKTOP\BAIDUCLOUNDRIVEMBP\3DPLATFORM\3DVIEWER - PORTING TO V10\3DVIEWER\3DVIEWER\RELEASE\CCURSOTZOOMIN.OBJ
C:\USERS\BFZHOU_MAC\DESKTOP\BAIDUCLOUNDRIVEMBP\3DPLATFORM\3DVIEWER - PORTING TO V10\3DVIEWER\3DVIEWER\RELEASE\CCURSOTZOOMOUT.OBJ
C:\USERS\BFZHOU_MAC\DESKTOP\BAIDUCLOUNDRIVEMBP\3DPLATFORM\3DVIEWER - PORTING TO V10\3DVIEWER\3DVIEWER\RELEASE\CDIB.OBJ
C:\USERS\BFZHOU_MAC\DESKTOP\BAIDUCLOUNDRIVEMBP\3DPLATFORM\3DVIEWER - PORTING TO V10\3DVIEWER\3DVIEWER\RELEASE\CDIBFLOOD.OBJ
C:\USERS\BFZHOU_MAC\DESKTOP\BAIDUCLOUNDRIVEMBP\3DPLATFORM\3DVIEWER - PORTING TO V10\3DVIEWER\3DVIEWER\RELEASE\CDIBORG.OBJ
C:\USERS\BFZHOU_MAC\DESKTOP\BAIDUCLOUNDRIVEMBP\3DPLATFORM\3DVIEWER - PORTING TO V10\3DVIEWER\3DVIEWER\RELEASE\CDLG2DMESHINFODISP.OBJ
C:\USERS\BFZHOU_MAC\DESKTOP\BAIDUCLOUNDRIVEMBP\3DPLATFORM\3DVIEWER - PORTING TO V10\3DVIEWER\3DVIEWER\RELEASE\CDLGTAB00.OBJ
C:\USERS\BFZHOU_MAC\DESKTOP\BAIDUCLOUNDRIVEMBP\3DPLATFORM\3DVIEWER - PORTING TO V10\3DVIEWER\3DVIEWER\RELEASE\CDLGTAB01.OBJ
C:\USERS\BFZHOU_MAC\DESKTOP\BAIDUCLOUNDRIVEMBP\3DPLATFORM\3DVIEWER - PORTING TO V10\3DVIEWER\3DVIEWER\RELEASE\CDLGTAB02.OBJ
C:\USERS\BFZHOU_MAC\DESKTOP\BAIDUCLOUNDRIVEMBP\3DPLATFORM\3DVIEWER - PORTING TO V10\3DVIEWER\3DVIEWER\RELEASE\CDLGTAB03.OBJ
C:\USERS\BFZHOU_MAC\DESKTOP\BAIDUCLOUNDRIVEMBP\3DPLATFORM\3DVIEWER - PORTING TO V10\3DVIEWER\3DVIEWER\RELEASE\CDLGTAB04.OBJ
C:\USERS\BFZHOU_MAC\DESKTOP\BAIDUCLOUNDRIVEMBP\3DPLATFORM\3DVIEWER - PORTING TO V10\3DVIEWER\3DVIEWER\RELEASE\CDLGTAB05.OBJ
C:\USERS\BFZHOU_MAC\DESKTOP\BAIDUCLOUNDRIVEMBP\3DPLATFORM\3DVIEWER - PORTING TO V10\3DVIEWER\3DVIEWER\RELEASE\CDLGTAB06.OBJ
C:\USERS\BFZHOU_MAC\DESKTOP\BAIDUCLOUNDRIVEMBP\3DPLATFORM\3DVIEWER - PORTING TO V10\3DVIEWER\3DVIEWER\RELEASE\CDLGTAB07.OBJ
C:\USERS\BFZHOU_MAC\DESKTOP\BAIDUCLOUNDRIVEMBP\3DPLATFORM\3DVIEWER - PORTING TO V10\3DVIEWER\3DVIEWER\RELEASE\CDLGTESTPANEL.OBJ
C:\USERS\BFZHOU_MAC\DESKTOP\BAIDUCLOUNDRIVEMBP\3DPLATFORM\3DVIEWER - PORTING TO V10\3DVIEWER\3DVIEWER\RELEASE\CFFT.OBJ
C:\USERS\BFZHOU_MAC\DESKTOP\BAIDUCLOUNDRIVEMBP\3DPLATFORM\3DVIEWER - PORTING TO V10\3DVIEWER\3DVIEWER\RELEASE\CFWT.OBJ
C:\USERS\BFZHOU_MAC\DESKTOP\BAIDUCLOUNDRIVEMBP\3DPLATFORM\3DVIEWER - PORTING TO V10\3DVIEWER\3DVIEWER\RELEASE\CFWT_FFT_UTIL.OBJ
C:\USERS\BFZHOU_MAC\DESKTOP\BAIDUCLOUNDRIVEMBP\3DPLATFORM\3DVIEWER - PORTING TO V10\3DVIEWER\3DVIEWER\RELEASE\CGLOBALS.OBJ
C:\USERS\BFZHOU_MAC\DESKTOP\BAIDUCLOUNDRIVEMBP\3DPLATFORM\3DVIEWER - PORTING TO V10\3DVIEWER\3DVIEWER\RELEASE\CHTARRAY2DIB.OBJ
C:\USERS\BFZHOU_MAC\DESKTOP\BAIDUCLOUNDRIVEMBP\3DPLATFORM\3DVIEWER - PORTING TO V10\3DVIEWER\3DVIEWER\RELEASE\CLABELPTS.OBJ
C:\USERS\BFZHOU_MAC\DESKTOP\BAIDUCLOUNDRIVEMBP\3DPLATFORM\3DVIEWER - PORTING TO V10\3DVIEWER\3DVIEWER\RELEASE\CLASSVIEW.OBJ
C:\USERS\BFZHOU_MAC\DESKTOP\BAIDUCLOUNDRIVEMBP\3DPLATFORM\3DVIEWER - PORTING TO V10\3DVIEWER\3DVIEWER\RELEASE\CMESH.OBJ
C:\USERS\BFZHOU_MAC\DESKTOP\BAIDUCLOUNDRIVEMBP\3DPLATFORM\3DVIEWER - PORTING TO V10\3DVIEWER\3DVIEWER\RELEASE\CMYCGLIB.OBJ
C:\USERS\BFZHOU_MAC\DESKTOP\BAIDUCLOUNDRIVEMBP\3DPLATFORM\3DVIEWER - PORTING TO V10\3DVIEWER\3DVIEWER\RELEASE\COOLDIALOGBAR.OBJ
C:\USERS\BFZHOU_MAC\DESKTOP\BAIDUCLOUNDRIVEMBP\3DPLATFORM\3DVIEWER - PORTING TO V10\3DVIEWER\3DVIEWER\RELEASE\COPENGL.OBJ
C:\USERS\BFZHOU_MAC\DESKTOP\BAIDUCLOUNDRIVEMBP\3DPLATFORM\3DVIEWER - PORTING TO V10\3DVIEWER\3DVIEWER\RELEASE\COPENGL3D.OBJ
C:\USERS\BFZHOU_MAC\DESKTOP\BAIDUCLOUNDRIVEMBP\3DPLATFORM\3DVIEWER - PORTING TO V10\3DVIEWER\3DVIEWER\RELEASE\COPENGL3DEX.OBJ
C:\USERS\BFZHOU_MAC\DESKTOP\BAIDUCLOUNDRIVEMBP\3DPLATFORM\3DVIEWER - PORTING TO V10\3DVIEWER\3DVIEWER\RELEASE\CRAWIMAGE16.OBJ
C:\USERS\BFZHOU_MAC\DESKTOP\BAIDUCLOUNDRIVEMBP\3DPLATFORM\3DVIEWER - PORTING TO V10\3DVIEWER\3DVIEWER\RELEASE\CTESTPANELTABS.OBJ
C:\USERS\BFZHOU_MAC\DESKTOP\BAIDUCLOUNDRIVEMBP\3DPLATFORM\3DVIEWER - PORTING TO V10\3DVIEWER\3DVIEWER\RELEASE\CTOOL3D.OBJ
C:\USERS\BFZHOU_MAC\DESKTOP\BAIDUCLOUNDRIVEMBP\3DPLATFORM\3DVIEWER - PORTING TO V10\3DVIEWER\3DVIEWER\RELEASE\CTOOLBASE.OBJ
C:\USERS\BFZHOU_MAC\DESKTOP\BAIDUCLOUNDRIVEMBP\3DPLATFORM\3DVIEWER - PORTING TO V10\3DVIEWER\3DVIEWER\RELEASE\CTOOLPAN.OBJ
C:\USERS\BFZHOU_MAC\DESKTOP\BAIDUCLOUNDRIVEMBP\3DPLATFORM\3DVIEWER - PORTING TO V10\3DVIEWER\3DVIEWER\RELEASE\CTOOLZOOMIN.OBJ
C:\USERS\BFZHOU_MAC\DESKTOP\BAIDUCLOUNDRIVEMBP\3DPLATFORM\3DVIEWER - PORTING TO V10\3DVIEWER\3DVIEWER\RELEASE\CTOOLZOOMOUT.OBJ
C:\USERS\BFZHOU_MAC\DESKTOP\BAIDUCLOUNDRIVEMBP\3DPLATFORM\3DVIEWER - PORTING TO V10\3DVIEWER\3DVIEWER\RELEASE\CTRACKBALL.OBJ
C:\USERS\BFZHOU_MAC\DESKTOP\BAIDUCLOUNDRIVEMBP\3DPLATFORM\3DVIEWER - PORTING TO V10\3DVIEWER\3DVIEWER\RELEASE\CTRANSFORMEDIMAGE.OBJ
C:\USERS\BFZHOU_MAC\DESKTOP\BAIDUCLOUNDRIVEMBP\3DPLATFORM\3DVIEWER - PORTING TO V10\3DVIEWER\3DVIEWER\RELEASE\CTRIANGLE.OBJ
C:\USERS\BFZHOU_MAC\DESKTOP\BAIDUCLOUNDRIVEMBP\3DPLATFORM\3DVIEWER - PORTING TO V10\3DVIEWER\3DVIEWER\RELEASE\CVERTEX.OBJ
C:\USERS\BFZHOU_MAC\DESKTOP\BAIDUCLOUNDRIVEMBP\3DPLATFORM\3DVIEWER - PORTING TO V10\3DVIEWER\3DVIEWER\RELEASE\CWAVELETFILTERBASE.OBJ
C:\USERS\BFZHOU_MAC\DESKTOP\BAIDUCLOUNDRIVEMBP\3DPLATFORM\3DVIEWER - PORTING TO V10\3DVIEWER\3DVIEWER\RELEASE\DIGITALGEOMETRY.OBJ
C:\USERS\BFZHOU_MAC\DESKTOP\BAIDUCLOUNDRIVEMBP\3DPLATFORM\3DVIEWER - PORTING TO V10\3DVIEWER\3DVIEWER\RELEASE\DLGLIGHTDISPMODE.OBJ
C:\USERS\BFZHOU_MAC\DESKTOP\BAIDUCLOUNDRIVEMBP\3DPLATFORM\3DVIEWER - PORTING TO V10\3DVIEWER\3DVIEWER\RELEASE\DLGSUBDIVIDESETTING.OBJ
C:\USERS\BFZHOU_MAC\DESKTOP\BAIDUCLOUNDRIVEMBP\3DPLATFORM\3DVIEWER - PORTING TO V10\3DVIEWER\3DVIEWER\RELEASE\FILEVIEW.OBJ
C:\USERS\BFZHOU_MAC\DESKTOP\BAIDUCLOUNDRIVEMBP\3DPLATFORM\3DVIEWER - PORTING TO V10\3DVIEWER\3DVIEWER\RELEASE\GRAPHICDIALOG.OBJ
C:\USERS\BFZHOU_MAC\DESKTOP\BAIDUCLOUNDRIVEMBP\3DPLATFORM\3DVIEWER - PORTING TO V10\3DVIEWER\3DVIEWER\RELEASE\GRAPHICSALGORITHMS.OBJ
C:\USERS\BFZHOU_MAC\DESKTOP\BAIDUCLOUNDRIVEMBP\3DPLATFORM\3DVIEWER - PORTING TO V10\3DVIEWER\3DVIEWER\RELEASE\HISTORYEDIT.OBJ
C:\USERS\BFZHOU_MAC\DESKTOP\BAIDUCLOUNDRIVEMBP\3DPLATFORM\3DVIEWER - PORTING TO V10\3DVIEWER\3DVIEWER\RELEASE\INIFILE.OBJ
C:\USERS\BFZHOU_MAC\DESKTOP\BAIDUCLOUNDRIVEMBP\3DPLATFORM\3DVIEWER - PORTING TO V10\3DVIEWER\3DVIEWER\RELEASE\MAINFRM.OBJ
C:\USERS\BFZHOU_MAC\DESKTOP\BAIDUCLOUNDRIVEMBP\3DPLATFORM\3DVIEWER - PORTING TO V10\3DVIEWER\3DVIEWER\RELEASE\MATRIX.OBJ
C:\USERS\BFZHOU_MAC\DESKTOP\BAIDUCLOUNDRIVEMBP\3DPLATFORM\3DVIEWER - PORTING TO V10\3DVIEWER\3DVIEWER\RELEASE\MESH3D.OBJ
C:\USERS\BFZHOU_MAC\DESKTOP\BAIDUCLOUNDRIVEMBP\3DPLATFORM\3DVIEWER - PORTING TO V10\3DVIEWER\3DVIEWER\RELEASE\MESHFORGEOIMG.OBJ
C:\USERS\BFZHOU_MAC\DESKTOP\BAIDUCLOUNDRIVEMBP\3DPLATFORM\3DVIEWER - PORTING TO V10\3DVIEWER\3DVIEWER\RELEASE\MESHGLOBAL.OBJ
C:\USERS\BFZHOU_MAC\DESKTOP\BAIDUCLOUNDRIVEMBP\3DPLATFORM\3DVIEWER - PORTING TO V10\3DVIEWER\3DVIEWER\RELEASE\OUTPUTSUBMESH.OBJ
C:\USERS\BFZHOU_MAC\DESKTOP\BAIDUCLOUNDRIVEMBP\3DPLATFORM\3DVIEWER - PORTING TO V10\3DVIEWER\3DVIEWER\RELEASE\OUTPUTWND.OBJ
C:\USERS\BFZHOU_MAC\DESKTOP\BAIDUCLOUNDRIVEMBP\3DPLATFORM\3DVIEWER - PORTING TO V10\3DVIEWER\3DVIEWER\RELEASE\PLY.OBJ
C:\USERS\BFZHOU_MAC\DESKTOP\BAIDUCLOUNDRIVEMBP\3DPLATFORM\3DVIEWER - PORTING TO V10\3DVIEWER\3DVIEWER\RELEASE\POLYTRI.OBJ
C:\USERS\BFZHOU_MAC\DESKTOP\BAIDUCLOUNDRIVEMBP\3DPLATFORM\3DVIEWER - PORTING TO V10\3DVIEWER\3DVIEWER\RELEASE\PREDICATES.OBJ
C:\USERS\BFZHOU_MAC\DESKTOP\BAIDUCLOUNDRIVEMBP\3DPLATFORM\3DVIEWER - PORTING TO V10\3DVIEWER\3DVIEWER\RELEASE\PROGRESSBAR.OBJ
C:\USERS\BFZHOU_MAC\DESKTOP\BAIDUCLOUNDRIVEMBP\3DPLATFORM\3DVIEWER - PORTING TO V10\3DVIEWER\3DVIEWER\RELEASE\PROPERTIESWND.OBJ
C:\USERS\BFZHOU_MAC\DESKTOP\BAIDUCLOUNDRIVEMBP\3DPLATFORM\3DVIEWER - PORTING TO V10\3DVIEWER\3DVIEWER\RELEASE\RANDOM.OBJ
C:\USERS\BFZHOU_MAC\DESKTOP\BAIDUCLOUNDRIVEMBP\3DPLATFORM\3DVIEWER - PORTING TO V10\3DVIEWER\3DVIEWER\RELEASE\READPLY.OBJ
C:\USERS\BFZHOU_MAC\DESKTOP\BAIDUCLOUNDRIVEMBP\3DPLATFORM\3DVIEWER - PORTING TO V10\3DVIEWER\3DVIEWER\RELEASE\SCROLLDLG.OBJ
C:\USERS\BFZHOU_MAC\DESKTOP\BAIDUCLOUNDRIVEMBP\3DPLATFORM\3DVIEWER - PORTING TO V10\3DVIEWER\3DVIEWER\RELEASE\STDAFX.OBJ
C:\USERS\BFZHOU_MAC\DESKTOP\BAIDUCLOUNDRIVEMBP\3DPLATFORM\3DVIEWER - PORTING TO V10\3DVIEWER\3DVIEWER\RELEASE\TETGEN.OBJ
C:\USERS\BFZHOU_MAC\DESKTOP\BAIDUCLOUNDRIVEMBP\3DPLATFORM\3DVIEWER - PORTING TO V10\3DVIEWER\3DVIEWER\RELEASE\TRIANGLES.OBJ
C:\USERS\BFZHOU_MAC\DESKTOP\BAIDUCLOUNDRIVEMBP\3DPLATFORM\3DVIEWER - PORTING TO V10\3DVIEWER\3DVIEWER\RELEASE\TRIMESH_CONNECTIVITY.OBJ
C:\USERS\BFZHOU_MAC\DESKTOP\BAIDUCLOUNDRIVEMBP\3DPLATFORM\3DVIEWER - PORTING TO V10\3DVIEWER\3DVIEWER\RELEASE\TRIMESH_IO.OBJ
C:\USERS\BFZHOU_MAC\DESKTOP\BAIDUCLOUNDRIVEMBP\3DPLATFORM\3DVIEWER - PORTING TO V10\3DVIEWER\3DVIEWER\RELEASE\TRIMESH_NORMALS.OBJ
C:\USERS\BFZHOU_MAC\DESKTOP\BAIDUCLOUNDRIVEMBP\3DPLATFORM\3DVIEWER - PORTING TO V10\3DVIEWER\3DVIEWER\RELEASE\TRIMESH_STATS.OBJ
C:\USERS\BFZHOU_MAC\DESKTOP\BAIDUCLOUNDRIVEMBP\3DPLATFORM\3DVIEWER - PORTING TO V10\3DVIEWER\3DVIEWER\RELEASE\TRIMESH_TSTRIPS.OBJ
C:\USERS\BFZHOU_MAC\DESKTOP\BAIDUCLOUNDRIVEMBP\3DPLATFORM\3DVIEWER - PORTING TO V10\3DVIEWER\3DVIEWER\RELEASE\VC100.PDB
C:\USERS\BFZHOU_MAC\DESKTOP\BAIDUCLOUNDRIVEMBP\3DPLATFORM\3DVIEWER - PORTING TO V10\3DVIEWER\3DVIEWER\RELEASE\VIEWTREE.OBJ
C:\USERS\BFZHOU_MAC\DESKTOP\BAIDUCLOUNDRIVEMBP\3DPLATFORM\3DVIEWER - PORTING TO V10\3DVIEWER\RELEASE\3DVIEWER.EXE
C:\USERS\BFZHOU_MAC\DESKTOP\BAIDUCLOUNDRIVEMBP\3DPLATFORM\3DVIEWER - PORTING TO V10\3DVIEWER\RELEASE\3DVIEWER.PDB
E:\3DVIEWER\3DVIEWER\RELEASE\2DMESH.OBJ
E:\3DVIEWER\3DVIEWER\RELEASE\3DVIEWER.EXE.INTERMEDIATE.MANIFEST
E:\3DVIEWER\3DVIEWER\RELEASE\3DVIEWER.OBJ
E:\3DVIEWER\3DVIEWER\RELEASE\3DVIEWER.PCH
E:\3DVIEWER\3DVIEWER\RELEASE\3DVIEWER.RES
E:\3DVIEWER\3DVIEWER\RELEASE\3DVIEWERDOC.OBJ
E:\3DVIEWER\3DVIEWER\RELEASE\3DVIEWERVIEW.OBJ
E:\3DVIEWER\3DVIEWER\RELEASE\CBMPDBLBUFFERING.OBJ
E:\3DVIEWER\3DVIEWER\RELEASE\CBMPVIEWERDATA.OBJ
E:\3DVIEWER\3DVIEWER\RELEASE\CCURSORBASE.OBJ
E:\3DVIEWER\3DVIEWER\RELEASE\CCURSORPAN.OBJ
E:\3DVIEWER\3DVIEWER\RELEASE\CCURSORZOOMIN.OBJ
E:\3DVIEWER\3DVIEWER\RELEASE\CCURSORZOOMOUT.OBJ
E:\3DVIEWER\3DVIEWER\RELEASE\CCURSOTZOOMIN.OBJ
E:\3DVIEWER\3DVIEWER\RELEASE\CCURSOTZOOMOUT.OBJ
E:\3DVIEWER\3DVIEWER\RELEASE\CDIB.OBJ
E:\3DVIEWER\3DVIEWER\RELEASE\CDIBFLOOD.OBJ
E:\3DVIEWER\3DVIEWER\RELEASE\CDIBORG.OBJ
E:\3DVIEWER\3DVIEWER\RELEASE\CDLG2DMESHINFODISP.OBJ
E:\3DVIEWER\3DVIEWER\RELEASE\CDLGTAB00.OBJ
E:\3DVIEWER\3DVIEWER\RELEASE\CDLGTAB01.OBJ
E:\3DVIEWER\3DVIEWER\RELEASE\CDLGTAB02.OBJ
E:\3DVIEWER\3DVIEWER\RELEASE\CDLGTAB03.OBJ
E:\3DVIEWER\3DVIEWER\RELEASE\CDLGTAB04.OBJ
E:\3DVIEWER\3DVIEWER\RELEASE\CDLGTAB05.OBJ
E:\3DVIEWER\3DVIEWER\RELEASE\CDLGTAB06.OBJ
E:\3DVIEWER\3DVIEWER\RELEASE\CDLGTAB07.OBJ
E:\3DVIEWER\3DVIEWER\RELEASE\CDLGTESTPANEL.OBJ
E:\3DVIEWER\3DVIEWER\RELEASE\CFFT.OBJ
E:\3DVIEWER\3DVIEWER\RELEASE\CFWT.OBJ
E:\3DVIEWER\3DVIEWER\RELEASE\CFWT_FFT_UTIL.OBJ
E:\3DVIEWER\3DVIEWER\RELEASE\CGLOBALS.OBJ
E:\3DVIEWER\3DVIEWER\RELEASE\CHTARRAY2DIB.OBJ
E:\3DVIEWER\3DVIEWER\RELEASE\CLABELPTS.OBJ
E:\3DVIEWER\3DVIEWER\RELEASE\CLASSVIEW.OBJ
E:\3DVIEWER\3DVIEWER\RELEASE\CMESH.OBJ
E:\3DVIEWER\3DVIEWER\RELEASE\CMYCGLIB.OBJ
E:\3DVIEWER\3DVIEWER\RELEASE\COOLDIALOGBAR.OBJ
E:\3DVIEWER\3DVIEWER\RELEASE\COPENGL.OBJ
E:\3DVIEWER\3DVIEWER\RELEASE\COPENGL3D.OBJ
E:\3DVIEWER\3DVIEWER\RELEASE\COPENGL3DEX.OBJ
E:\3DVIEWER\3DVIEWER\RELEASE\CRAWIMAGE16.OBJ
E:\3DVIEWER\3DVIEWER\RELEASE\CTESTPANELTABS.OBJ
E:\3DVIEWER\3DVIEWER\RELEASE\CTOOL3D.OBJ
E:\3DVIEWER\3DVIEWER\RELEASE\CTOOLBASE.OBJ
E:\3DVIEWER\3DVIEWER\RELEASE\CTOOLPAN.OBJ
E:\3DVIEWER\3DVIEWER\RELEASE\CTOOLZOOMIN.OBJ
E:\3DVIEWER\3DVIEWER\RELEASE\CTOOLZOOMOUT.OBJ
E:\3DVIEWER\3DVIEWER\RELEASE\CTRACKBALL.OBJ
E:\3DVIEWER\3DVIEWER\RELEASE\CTRANSFORMEDIMAGE.OBJ
E:\3DVIEWER\3DVIEWER\RELEASE\CTRIANGLE.OBJ
E:\3DVIEWER\3DVIEWER\RELEASE\CVERTEX.OBJ
E:\3DVIEWER\3DVIEWER\RELEASE\CWAVELETFILTERBASE.OBJ
E:\3DVIEWER\3DVIEWER\RELEASE\DIGITALGEOMETRY.OBJ
E:\3DVIEWER\3DVIEWER\RELEASE\DLGLIGHTDISPMODE.OBJ
E:\3DVIEWER\3DVIEWER\RELEASE\DLGSUBDIVIDESETTING.OBJ
E:\3DVIEWER\3DVIEWER\RELEASE\FILEVIEW.OBJ
E:\3DVIEWER\3DVIEWER\RELEASE\GRAPHICDIALOG.OBJ
E:\3DVIEWER\3DVIEWER\RELEASE\GRAPHICSALGORITHMS.OBJ
E:\3DVIEWER\3DVIEWER\RELEASE\HISTORYEDIT.OBJ
E:\3DVIEWER\3DVIEWER\RELEASE\INIFILE.OBJ
E:\3DVIEWER\3DVIEWER\RELEASE\JPGTOBMP.OBJ
E:\3DVIEWER\3DVIEWER\RELEASE\MAINFRM.OBJ
E:\3DVIEWER\3DVIEWER\RELEASE\MATRIX.OBJ
E:\3DVIEWER\3DVIEWER\RELEASE\MESH3D.OBJ
E:\3DVIEWER\3DVIEWER\RELEASE\MESHFORGEOIMG.OBJ
E:\3DVIEWER\3DVIEWER\RELEASE\MESHGLOBAL.OBJ
E:\3DVIEWER\3DVIEWER\RELEASE\OUTPUTSUBMESH.OBJ
E:\3DVIEWER\3DVIEWER\RELEASE\OUTPUTWND.OBJ
E:\3DVIEWER\3DVIEWER\RELEASE\PLY.OBJ
E:\3DVIEWER\3DVIEWER\RELEASE\POLYTRI.OBJ
E:\3DVIEWER\3DVIEWER\RELEASE\PREDICATES.OBJ
E:\3DVIEWER\3DVIEWER\RELEASE\PROGRESSBAR.OBJ
E:\3DVIEWER\3DVIEWER\RELEASE\PROPERTIESWND.OBJ
E:\3DVIEWER\3DVIEWER\RELEASE\RANDOM.OBJ
E:\3DVIEWER\3DVIEWER\RELEASE\READPLY.OBJ
E:\3DVIEWER\3DVIEWER\RELEASE\SCROLLDLG.OBJ
E:\3DVIEWER\3DVIEWER\RELEASE\STDAFX.OBJ
E:\3DVIEWER\3DVIEWER\RELEASE\TETGEN.OBJ
E:\3DVIEWER\3DVIEWER\RELEASE\TRIANGLES.OBJ
E:\3DVIEWER\3DVIEWER\RELEASE\TRIMESH_CONNECTIVITY.OBJ
E:\3DVIEWER\3DVIEWER\RELEASE\TRIMESH_IO.OBJ
E:\3DVIEWER\3DVIEWER\RELEASE\TRIMESH_NORMALS.OBJ
E:\3DVIEWER\3DVIEWER\RELEASE\TRIMESH_STATS.OBJ
E:\3DVIEWER\3DVIEWER\RELEASE\TRIMESH_TSTRIPS.OBJ
E:\3DVIEWER\3DVIEWER\RELEASE\VC100.PDB
E:\3DVIEWER\3DVIEWER\RELEASE\VIEWTREE.OBJ
E:\3DVIEWER\RELEASE\3DVIEWER.EXE
E:\3DVIEWER\RELEASE\3DVIEWER.PDB
E:\3DVIEWER-2010 - 副本\3DVIEWER\RELEASE\2DMESH.OBJ
E:\3DVIEWER-2010 - 副本\3DVIEWER\RELEASE\3DVIEWER.EXE.INTERMEDIATE.MANIFEST
E:\3DVIEWER-2010 - 副本\3DVIEWER\RELEASE\3DVIEWER.OBJ
E:\3DVIEWER-2010 - 副本\3DVIEWER\RELEASE\3DVIEWER.PCH
E:\3DVIEWER-2010 - 副本\3DVIEWER\RELEASE\3DVIEWER.RES
E:\3DVIEWER-2010 - 副本\3DVIEWER\Release\3dviewer.vcxprojResolveAssemblyReference.cache
E:\3DVIEWER-2010 - 副本\3DVIEWER\Release\3dviewer.write.1.tlog
E:\3DVIEWER-2010 - 副本\3DVIEWER\RELEASE\3DVIEWERDOC.OBJ
E:\3DVIEWER-2010 - 副本\3DVIEWER\RELEASE\3DVIEWERVIEW.OBJ
E:\3DVIEWER-2010 - 副本\3DVIEWER\RELEASE\CBMPDBLBUFFERING.OBJ
E:\3DVIEWER-2010 - 副本\3DVIEWER\RELEASE\CBMPVIEWERDATA.OBJ
E:\3DVIEWER-2010 - 副本\3DVIEWER\RELEASE\CCURSORBASE.OBJ
E:\3DVIEWER-2010 - 副本\3DVIEWER\RELEASE\CCURSORPAN.OBJ
E:\3DVIEWER-2010 - 副本\3DVIEWER\RELEASE\CCURSORZOOMIN.OBJ
E:\3DVIEWER-2010 - 副本\3DVIEWER\RELEASE\CCURSORZOOMOUT.OBJ
E:\3DVIEWER-2010 - 副本\3DVIEWER\RELEASE\CCURSOTZOOMIN.OBJ
E:\3DVIEWER-2010 - 副本\3DVIEWER\RELEASE\CCURSOTZOOMOUT.OBJ
E:\3DVIEWER-2010 - 副本\3DVIEWER\RELEASE\CDIB.OBJ
E:\3DVIEWER-2010 - 副本\3DVIEWER\RELEASE\CDIBFLOOD.OBJ
E:\3DVIEWER-2010 - 副本\3DVIEWER\RELEASE\CDIBORG.OBJ
E:\3DVIEWER-2010 - 副本\3DVIEWER\RELEASE\CDLG2DMESHINFODISP.OBJ
E:\3DVIEWER-2010 - 副本\3DVIEWER\RELEASE\CDLGTAB00.OBJ
E:\3DVIEWER-2010 - 副本\3DVIEWER\RELEASE\CDLGTAB01.OBJ
E:\3DVIEWER-2010 - 副本\3DVIEWER\RELEASE\CDLGTAB02.OBJ
E:\3DVIEWER-2010 - 副本\3DVIEWER\RELEASE\CDLGTAB03.OBJ
E:\3DVIEWER-2010 - 副本\3DVIEWER\RELEASE\CDLGTAB04.OBJ
E:\3DVIEWER-2010 - 副本\3DVIEWER\RELEASE\CDLGTAB05.OBJ
E:\3DVIEWER-2010 - 副本\3DVIEWER\RELEASE\CDLGTAB06.OBJ
E:\3DVIEWER-2010 - 副本\3DVIEWER\RELEASE\CDLGTAB07.OBJ
E:\3DVIEWER-2010 - 副本\3DVIEWER\RELEASE\CDLGTESTPANEL.OBJ
E:\3DVIEWER-2010 - 副本\3DVIEWER\RELEASE\CFFT.OBJ
E:\3DVIEWER-2010 - 副本\3DVIEWER\RELEASE\CFWT.OBJ
E:\3DVIEWER-2010 - 副本\3DVIEWER\RELEASE\CFWT_FFT_UTIL.OBJ
E:\3DVIEWER-2010 - 副本\3DVIEWER\RELEASE\CGLOBALS.OBJ
E:\3DVIEWER-2010 - 副本\3DVIEWER\RELEASE\CHTARRAY2DIB.OBJ
E:\3DVIEWER-2010 - 副本\3DVIEWER\Release\cl.command.1.tlog
E:\3DVIEWER-2010 - 副本\3DVIEWER\Release\CL.read.1.tlog
E:\3DVIEWER-2010 - 副本\3DVIEWER\Release\CL.write.1.tlog
E:\3DVIEWER-2010 - 副本\3DVIEWER\RELEASE\CLABELPTS.OBJ
E:\3DVIEWER-2010 - 副本\3DVIEWER\RELEASE\CLASSVIEW.OBJ
E:\3DVIEWER-2010 - 副本\3DVIEWER\RELEASE\CMESH.OBJ
E:\3DVIEWER-2010 - 副本\3DVIEWER\RELEASE\CMYCGLIB.OBJ
E:\3DVIEWER-2010 - 副本\3DVIEWER\RELEASE\COOLDIALOGBAR.OBJ
E:\3DVIEWER-2010 - 副本\3DVIEWER\RELEASE\COPENGL.OBJ
E:\3DVIEWER-2010 - 副本\3DVIEWER\RELEASE\COPENGL3D.OBJ
E:\3DVIEWER-2010 - 副本\3DVIEWER\RELEASE\COPENGL3DEX.OBJ
E:\3DVIEWER-2010 - 副本\3DVIEWER\RELEASE\CRAWIMAGE16.OBJ
E:\3DVIEWER-2010 - 副本\3DVIEWER\RELEASE\CTESTPANELTABS.OBJ
E:\3DVIEWER-2010 - 副本\3DVIEWER\RELEASE\CTOOL3D.OBJ
E:\3DVIEWER-2010 - 副本\3DVIEWER\RELEASE\CTOOLBASE.OBJ
E:\3DVIEWER-2010 - 副本\3DVIEWER\RELEASE\CTOOLPAN.OBJ
E:\3DVIEWER-2010 - 副本\3DVIEWER\RELEASE\CTOOLZOOMIN.OBJ
E:\3DVIEWER-2010 - 副本\3DVIEWER\RELEASE\CTOOLZOOMOUT.OBJ
E:\3DVIEWER-2010 - 副本\3DVIEWER\RELEASE\CTRACKBALL.OBJ
E:\3DVIEWER-2010 - 副本\3DVIEWER\RELEASE\CTRANSFORMEDIMAGE.OBJ
E:\3DVIEWER-2010 - 副本\3DVIEWER\RELEASE\CTRIANGLE.OBJ
E:\3DVIEWER-2010 - 副本\3DVIEWER\RELEASE\CVERTEX.OBJ
E:\3DVIEWER-2010 - 副本\3DVIEWER\RELEASE\CWAVELETFILTERBASE.OBJ
E:\3DVIEWER-2010 - 副本\3DVIEWER\RELEASE\DIGITALGEOMETRY.OBJ
E:\3DVIEWER-2010 - 副本\3DVIEWER\RELEASE\DLGLIGHTDISPMODE.OBJ
E:\3DVIEWER-2010 - 副本\3DVIEWER\RELEASE\DLGSUBDIVIDESETTING.OBJ
E:\3DVIEWER-2010 - 副本\3DVIEWER\RELEASE\FILEVIEW.OBJ
E:\3DVIEWER-2010 - 副本\3DVIEWER\RELEASE\GRAPHICDIALOG.OBJ
E:\3DVIEWER-2010 - 副本\3DVIEWER\RELEASE\GRAPHICSALGORITHMS.OBJ
E:\3DVIEWER-2010 - 副本\3DVIEWER\RELEASE\HISTORYEDIT.OBJ
E:\3DVIEWER-2010 - 副本\3DVIEWER\RELEASE\INIFILE.OBJ
E:\3DVIEWER-2010 - 副本\3DVIEWER\RELEASE\JPGTOBMP.OBJ
E:\3DVIEWER-2010 - 副本\3DVIEWER\Release\link.command.1.tlog
E:\3DVIEWER-2010 - 副本\3DVIEWER\Release\link.read.1.tlog
E:\3DVIEWER-2010 - 副本\3DVIEWER\Release\link.write.1.tlog
E:\3DVIEWER-2010 - 副本\3DVIEWER\Release\link-cvtres.read.1.tlog
E:\3DVIEWER-2010 - 副本\3DVIEWER\Release\link-cvtres.write.1.tlog
E:\3DVIEWER-2010 - 副本\3DVIEWER\RELEASE\MAINFRM.OBJ
E:\3DVIEWER-2010 - 副本\3DVIEWER\RELEASE\MATRIX.OBJ
E:\3DVIEWER-2010 - 副本\3DVIEWER\RELEASE\MESH3D.OBJ
E:\3DVIEWER-2010 - 副本\3DVIEWER\RELEASE\MESHFORGEOIMG.OBJ
E:\3DVIEWER-2010 - 副本\3DVIEWER\RELEASE\MESHGLOBAL.OBJ
E:\3DVIEWER-2010 - 副本\3DVIEWER\Release\mt.command.1.tlog
E:\3DVIEWER-2010 - 副本\3DVIEWER\Release\mt.read.1.tlog
E:\3DVIEWER-2010 - 副本\3DVIEWER\Release\mt.write.1.tlog
E:\3DVIEWER-2010 - 副本\3DVIEWER\RELEASE\OUTPUTSUBMESH.OBJ
E:\3DVIEWER-2010 - 副本\3DVIEWER\RELEASE\OUTPUTWND.OBJ
E:\3DVIEWER-2010 - 副本\3DVIEWER\RELEASE\PLY.OBJ
E:\3DVIEWER-2010 - 副本\3DVIEWER\RELEASE\POLYTRI.OBJ
E:\3DVIEWER-2010 - 副本\3DVIEWER\RELEASE\PREDICATES.OBJ
E:\3DVIEWER-2010 - 副本\3DVIEWER\RELEASE\PROGRESSBAR.OBJ
E:\3DVIEWER-2010 - 副本\3DVIEWER\RELEASE\PROPERTIESWND.OBJ
E:\3DVIEWER-2010 - 副本\3DVIEWER\RELEASE\RANDOM.OBJ
E:\3DVIEWER-2010 - 副本\3DVIEWER\Release\rc.command.1.tlog
E:\3DVIEWER-2010 - 副本\3DVIEWER\Release\rc.read.1.tlog
E:\3DVIEWER-2010 - 副本\3DVIEWER\Release\rc.write.1.tlog
E:\3DVIEWER-2010 - 副本\3DVIEWER\RELEASE\READPLY.OBJ
E:\3DVIEWER-2010 - 副本\3DVIEWER\RELEASE\SCROLLDLG.OBJ
E:\3DVIEWER-2010 - 副本\3DVIEWER\RELEASE\STDAFX.OBJ
E:\3DVIEWER-2010 - 副本\3DVIEWER\RELEASE\TETGEN.OBJ
E:\3DVIEWER-2010 - 副本\3DVIEWER\RELEASE\TRIANGLES.OBJ
E:\3DVIEWER-2010 - 副本\3DVIEWER\RELEASE\TRIMESH_CONNECTIVITY.OBJ
E:\3DVIEWER-2010 - 副本\3DVIEWER\RELEASE\TRIMESH_IO.OBJ
E:\3DVIEWER-2010 - 副本\3DVIEWER\RELEASE\TRIMESH_NORMALS.OBJ
E:\3DVIEWER-2010 - 副本\3DVIEWER\RELEASE\TRIMESH_STATS.OBJ
E:\3DVIEWER-2010 - 副本\3DVIEWER\RELEASE\TRIMESH_TSTRIPS.OBJ
E:\3DVIEWER-2010 - 副本\3DVIEWER\RELEASE\VC100.PDB
E:\3DVIEWER-2010 - 副本\3DVIEWER\RELEASE\VIEWTREE.OBJ
E:\3DVIEWER-2010 - 副本\RELEASE\3DVIEWER.EXE
E:\3DVIEWER-2010 - 副本\RELEASE\3DVIEWER.PDB
